109.04.03 09:26 B C:\Servidor\www\cactux2\funcoes\funcoes_ajax.php --> ftp.cactustecnologia.com.br /www/cactux2/funcoes funcoes_ajax.php
109.04.03 09:26 B C:\Servidor\www\cactux2\funcoes\funcoes_bd.php --> ftp.cactustecnologia.com.br /www/cactux2/funcoes funcoes_bd.php
109.04.03 09:26 B C:\Servidor\www\cactux2\funcoes\funcoes_diversas.php --> ftp.cactustecnologia.com.br /www/cactux2/funcoes funcoes_diversas.php
109.04.03 09:26 B C:\Servidor\www\cactux2\funcoes\funcoes_form.php --> ftp.cactustecnologia.com.br /www/cactux2/funcoes funcoes_form.php
109.04.03 09:27 B C:\Servidor\www\cactux2\funcoes\funcoes_pagina.php --> ftp.cactustecnologia.com.br /www/cactux2/funcoes funcoes_pagina.php
109.04.03 09:30 B C:\Servidor\www\cactux2\funcoes\funcoes_form.php --> ftp.cactustecnologia.com.br /www/cactux2/funcoes funcoes_form.php
109.04.03 09:34 B C:\Servidor\www\cactux2\funcoes\funcoes_form.php --> ftp.cactustecnologia.com.br /www/cactux2/funcoes funcoes_form.php
109.04.03 09:35 B C:\Servidor\www\cactux2\funcoes\funcoes_form.php --> ftp.cactustecnologia.com.br /www/cactux2/funcoes funcoes_form.php
109.04.03 09:35 B C:\Servidor\www\cactux2\funcoes\funcoes_form.php --> ftp.cactustecnologia.com.br /www/cactux2/funcoes funcoes_form.php
109.04.03 09:35 B C:\Servidor\www\cactux2\funcoes\funcoes_form.php --> ftp.cactustecnologia.com.br /www/cactux2/funcoes funcoes_form.php
109.04.09 13:17 B C:\Servidor\www\cactux2\funcoes\funcoes_ajax.php --> ftp.cactustecnologia.com.br /www/cactux2/funcoes funcoes_ajax.php
109.04.09 13:17 B C:\Servidor\www\cactux2\funcoes\funcoes_bd.php --> ftp.cactustecnologia.com.br /www/cactux2/funcoes funcoes_bd.php
109.04.09 13:17 B C:\Servidor\www\cactux2\funcoes\funcoes_diversas.php --> ftp.cactustecnologia.com.br /www/cactux2/funcoes funcoes_diversas.php
109.04.09 13:17 B C:\Servidor\www\cactux2\funcoes\funcoes_form.php --> ftp.cactustecnologia.com.br /www/cactux2/funcoes funcoes_form.php
109.04.09 13:17 B C:\Servidor\www\cactux2\funcoes\funcoes_pagina.php --> ftp.cactustecnologia.com.br /www/cactux2/funcoes funcoes_pagina.php
109.04.09 13:18 B C:\Servidor\www\cactux2\funcoes\funcoes_pagina.php --> ftp.cactustecnologia.com.br /www/cactux2/funcoes funcoes_pagina.php
109.04.23 13:36 B C:\Servidor\www\cactux2\funcoes\funcoes_ajax.php --> ftp.cactustecnologia.com.br /www/cactux2/funcoes funcoes_ajax.php
109.04.23 13:36 B C:\Servidor\www\cactux2\funcoes\funcoes_bd.php --> ftp.cactustecnologia.com.br /www/cactux2/funcoes funcoes_bd.php
109.04.23 13:36 B C:\Servidor\www\cactux2\funcoes\funcoes_diversas.php --> ftp.cactustecnologia.com.br /www/cactux2/funcoes funcoes_diversas.php
109.04.23 13:36 B C:\Servidor\www\cactux2\funcoes\funcoes_form.php --> ftp.cactustecnologia.com.br /www/cactux2/funcoes funcoes_form.php
109.04.23 13:36 B C:\Servidor\www\cactux2\funcoes\funcoes_pagina.php --> ftp.cactustecnologia.com.br /www/cactux2/funcoes funcoes_pagina.php
109.05.25 09:56 B S:\cactux2\funcoes\funcoes\WS_FTP.LOG <-- CACTUS NOVO /www/cactux2/funcoes WS_FTP.LOG
110.03.04 21:56 B C:\Servidor\www\cactux25\funcoes\backup 05-25\funcoes_ajax.php --> ftp.redesuperq.com.br /www/cactux25/funcoes/backup 05-25 funcoes_ajax.php
110.03.04 21:56 B C:\Servidor\www\cactux25\funcoes\backup 05-25\funcoes_bd.php --> ftp.redesuperq.com.br /www/cactux25/funcoes/backup 05-25 funcoes_bd.php
110.03.04 21:56 B C:\Servidor\www\cactux25\funcoes\backup 05-25\funcoes_diversas.php --> ftp.redesuperq.com.br /www/cactux25/funcoes/backup 05-25 funcoes_diversas.php
110.03.04 21:56 B C:\Servidor\www\cactux25\funcoes\backup 05-25\funcoes_form.php --> ftp.redesuperq.com.br /www/cactux25/funcoes/backup 05-25 funcoes_form.php
110.03.04 21:56 B C:\Servidor\www\cactux25\funcoes\backup 05-25\funcoes_pagina.php --> ftp.redesuperq.com.br /www/cactux25/funcoes/backup 05-25 funcoes_pagina.php
