108.07.20 22:10 B C:\Servidor\www\cactux\js\ajax.js --> mikrocenter.com.br /httpdocs/cactux/js ajax.js
108.07.20 22:10 B C:\Servidor\www\cactux\js\div.js --> mikrocenter.com.br /httpdocs/cactux/js div.js
108.07.20 22:10 B C:\Servidor\www\cactux\js\div_novo.js --> mikrocenter.com.br /httpdocs/cactux/js div_novo.js
108.07.20 22:10 B C:\Servidor\www\cactux\js\funcoes.js --> mikrocenter.com.br /httpdocs/cactux/js funcoes.js
108.07.20 22:10 B C:\Servidor\www\cactux\js\janela.js --> mikrocenter.com.br /httpdocs/cactux/js janela.js
108.07.20 22:10 B C:\Servidor\www\cactux\js\mascaraReais.js --> mikrocenter.com.br /httpdocs/cactux/js mascaraReais.js
108.07.20 22:10 B C:\Servidor\www\cactux\js\mascaras.js --> mikrocenter.com.br /httpdocs/cactux/js mascaras.js
108.07.20 22:11 B C:\Servidor\www\cactux\js\ajax.js --> ftp.cactustecnologia.com.br /www/cactux/js ajax.js
108.07.20 22:11 B C:\Servidor\www\cactux\js\div.js --> ftp.cactustecnologia.com.br /www/cactux/js div.js
108.07.20 22:12 B C:\Servidor\www\cactux\js\div_novo.js --> ftp.cactustecnologia.com.br /www/cactux/js div_novo.js
108.07.20 22:12 B C:\Servidor\www\cactux\js\funcoes.js --> ftp.cactustecnologia.com.br /www/cactux/js funcoes.js
108.07.20 22:12 B C:\Servidor\www\cactux\js\janela.js --> ftp.cactustecnologia.com.br /www/cactux/js janela.js
108.07.20 22:12 B C:\Servidor\www\cactux\js\mascaraReais.js --> ftp.cactustecnologia.com.br /www/cactux/js mascaraReais.js
108.07.20 22:12 B C:\Servidor\www\cactux\js\mascaras.js --> ftp.cactustecnologia.com.br /www/cactux/js mascaras.js
108.07.20 22:12 B C:\Servidor\www\cactux\js\WS_FTP.LOG --> ftp.cactustecnologia.com.br /www/cactux/js WS_FTP.LOG
109.04.03 09:27 B C:\Servidor\www\cactux2\js\ajax.js --> ftp.cactustecnologia.com.br /www/cactux2/js ajax.js
109.04.03 09:27 B C:\Servidor\www\cactux2\js\div ok.js --> ftp.cactustecnologia.com.br /www/cactux2/js div ok.js
109.04.03 09:27 B C:\Servidor\www\cactux2\js\div.js --> ftp.cactustecnologia.com.br /www/cactux2/js div.js
109.04.03 09:27 B C:\Servidor\www\cactux2\js\funcoes.js --> ftp.cactustecnologia.com.br /www/cactux2/js funcoes.js
109.04.03 09:27 B C:\Servidor\www\cactux2\js\janela.js --> ftp.cactustecnologia.com.br /www/cactux2/js janela.js
109.04.03 09:27 B C:\Servidor\www\cactux2\js\mascaraReais.js --> ftp.cactustecnologia.com.br /www/cactux2/js mascaraReais.js
109.04.03 09:27 B C:\Servidor\www\cactux2\js\mascaras.js --> ftp.cactustecnologia.com.br /www/cactux2/js mascaras.js
109.04.03 09:27 B C:\Servidor\www\cactux2\js\WS_FTP.LOG --> ftp.cactustecnologia.com.br /www/cactux2/js WS_FTP.LOG
109.04.09 09:44 B C:\Servidor\www\cactux2\js\janela.js --> ftp.cactustecnologia.com.br /www/cactux2/js janela.js
109.04.23 13:31 B C:\Servidor\www\cactux2\js\janela.js --> ftp.cactustecnologia.com.br /www/cactux2/js janela.js
109.04.23 13:36 B C:\Servidor\www\cactux2\js\ajax.js --> ftp.cactustecnologia.com.br /www/cactux2/js ajax.js
109.04.23 13:37 B C:\Servidor\www\cactux2\js\div ok.js --> ftp.cactustecnologia.com.br /www/cactux2/js div ok.js
109.04.23 13:37 B C:\Servidor\www\cactux2\js\div.js --> ftp.cactustecnologia.com.br /www/cactux2/js div.js
109.04.23 13:37 B C:\Servidor\www\cactux2\js\funcoes.js --> ftp.cactustecnologia.com.br /www/cactux2/js funcoes.js
109.04.23 13:37 B C:\Servidor\www\cactux2\js\janela 09-04-23.rar --> ftp.cactustecnologia.com.br /www/cactux2/js janela 09-04-23.rar
109.04.23 13:37 B C:\Servidor\www\cactux2\js\janela.js --> ftp.cactustecnologia.com.br /www/cactux2/js janela.js
109.04.23 13:37 B C:\Servidor\www\cactux2\js\mascaraReais.js --> ftp.cactustecnologia.com.br /www/cactux2/js mascaraReais.js
109.04.23 13:37 B C:\Servidor\www\cactux2\js\mascaras.js --> ftp.cactustecnologia.com.br /www/cactux2/js mascaras.js
109.04.23 13:37 B C:\Servidor\www\cactux2\js\WS_FTP.LOG --> ftp.cactustecnologia.com.br /www/cactux2/js WS_FTP.LOG
109.04.23 13:47 B C:\Servidor\www\cactux2\js\janela.js --> ftp.cactustecnologia.com.br /www/cactux2/js janela.js
109.04.23 14:00 B C:\Servidor\www\cactux2\js\janela.js --> ftp.cactustecnologia.com.br /www/cactux2/js janela.js
109.04.23 14:05 B C:\Servidor\www\cactux2\js\janela.js --> ftp.cactustecnologia.com.br /www/cactux2/js janela.js
109.04.23 14:08 B C:\Servidor\www\cactux2\js\janela.js --> ftp.cactustecnologia.com.br /www/cactux2/js janela.js
109.04.23 15:29 B C:\Servidor\www\cactux2\js\janela.js --> ftp.cactustecnologia.com.br /www/cactux2/js janela.js
109.04.23 15:34 B C:\Servidor\www\cactux2\js\janela.js --> ftp.cactustecnologia.com.br /www/cactux2/js janela.js
109.11.25 22:19 B C:\Servidor\www\cactux25\js\combo_novo.js --> ftp.cactustecnologia.com.br /www/cactux25/js combo_novo.js
109.11.25 22:19 B C:\Servidor\www\cactux25\js\funcoes.js --> ftp.cactustecnologia.com.br /www/cactux25/js funcoes.js
110.03.04 21:57 B C:\Servidor\www\cactux25\js\ajax.js --> ftp.redesuperq.com.br /www/cactux25/js ajax.js
110.03.04 21:57 B C:\Servidor\www\cactux25\js\combo_net 08022010.js --> ftp.redesuperq.com.br /www/cactux25/js combo_net 08022010.js
110.03.04 21:57 B C:\Servidor\www\cactux25\js\combo_net.js --> ftp.redesuperq.com.br /www/cactux25/js combo_net.js
110.03.04 21:57 B C:\Servidor\www\cactux25\js\combo_net.rar --> ftp.redesuperq.com.br /www/cactux25/js combo_net.rar
110.03.04 21:57 B C:\Servidor\www\cactux25\js\combo_novo.js --> ftp.redesuperq.com.br /www/cactux25/js combo_novo.js
110.03.04 21:57 B C:\Servidor\www\cactux25\js\combo_novo.rar --> ftp.redesuperq.com.br /www/cactux25/js combo_novo.rar
110.03.04 21:57 B C:\Servidor\www\cactux25\js\div ok.js --> ftp.redesuperq.com.br /www/cactux25/js div ok.js
110.03.04 21:57 B C:\Servidor\www\cactux25\js\div.js --> ftp.redesuperq.com.br /www/cactux25/js div.js
110.03.04 21:57 B C:\Servidor\www\cactux25\js\funcoes.js --> ftp.redesuperq.com.br /www/cactux25/js funcoes.js
110.03.04 21:57 B C:\Servidor\www\cactux25\js\janela.js --> ftp.redesuperq.com.br /www/cactux25/js janela.js
110.03.04 21:57 B C:\Servidor\www\cactux25\js\janela.rar --> ftp.redesuperq.com.br /www/cactux25/js janela.rar
110.03.04 21:57 B C:\Servidor\www\cactux25\js\mascaraReais.js --> ftp.redesuperq.com.br /www/cactux25/js mascaraReais.js
110.03.04 21:58 B C:\Servidor\www\cactux25\js\mascaras.js --> ftp.redesuperq.com.br /www/cactux25/js mascaras.js
